==========================================
Timestamp: 2025-11-18 12:20:52.534
Request Path: /api/Payments/ReprocessPendingOrders
Request Method: POST
Request QueryString: 
Exception Type: System.InvalidOperationException
Exception Message: The JSON property name for '<>f__AnonymousType23`5[System.Int32,System.String,System.String,System.String,System.String].status' collides with another property.
Stack Trace:    at System.Text.Json.ThrowHelper.ThrowInvalidOperationException_SerializerPropertyNameConflict(Type type, String propertyName)
   at System.Text.Json.Serialization.Metadata.JsonTypeInfo.JsonPropertyInfoList.AddPropertyWithConflictResolution(JsonPropertyInfo jsonPropertyInfo, PropertyHierarchyResolutionState& state)
   at System.Text.Json.Serialization.Metadata.DefaultJsonTypeInfoResolver.AddMember(JsonTypeInfo typeInfo, Type typeToConvert, MemberInfo memberInfo, NullabilityInfoContext nullabilityCtx, Boolean shouldCheckForRequiredKeyword, Boolean hasJsonIncludeAttribute, PropertyHierarchyResolutionState& state)
   at System.Text.Json.Serialization.Metadata.DefaultJsonTypeInfoResolver.AddMembersDeclaredBySuperType(JsonTypeInfo typeInfo, Type currentType, NullabilityInfoContext nullabilityCtx, Boolean constructorHasSetsRequiredMembersAttribute, PropertyHierarchyResolutionState& state)
   at System.Text.Json.Serialization.Metadata.DefaultJsonTypeInfoResolver.PopulateProperties(JsonTypeInfo typeInfo, NullabilityInfoContext nullabilityCtx)
   at System.Text.Json.Serialization.Metadata.DefaultJsonTypeInfoResolver.CreateTypeInfoCore(Type type, JsonConverter converter, JsonSerializerOptions options)
   at System.Text.Json.Serialization.Metadata.DefaultJsonTypeInfoResolver.CreateJsonTypeInfo(Type type, JsonSerializerOptions options)
   at System.Text.Json.Serialization.Metadata.DefaultJsonTypeInfoResolver.GetTypeInfo(Type type, JsonSerializerOptions options)
   at System.Text.Json.JsonSerializerOptions.GetTypeInfoNoCaching(Type type)
   at System.Text.Json.JsonSerializerOptions.CachingContext.CreateCacheEntry(Type type, CachingContext context)
--- End of stack trace from previous location ---
   at System.Text.Json.JsonSerializerOptions.CachingContext.CacheEntry.GetResult()
   at System.Text.Json.JsonSerializerOptions.CachingContext.GetOrAddTypeInfo(Type type, Boolean fallBackToNearestAncestorType)
   at System.Text.Json.JsonSerializerOptions.GetTypeInfoInternal(Type type, Boolean ensureConfigured, Nullable`1 ensureNotNull, Boolean resolveIfMutable, Boolean fallBackToNearestAncestorType)
   at System.Text.Json.WriteStackFrame.InitializePolymorphicReEntry(Type runtimeType, JsonSerializerOptions options)
   at System.Text.Json.Serialization.JsonConverter.ResolvePolymorphicConverter(Object value, JsonTypeInfo jsonTypeInfo, JsonSerializerOptions options, WriteStack& state)
   at System.Text.Json.Serialization.JsonConverter`1.TryWrite(Utf8JsonWriter writer, T& value, JsonSerializerOptions options, WriteStack& state)
   at System.Text.Json.Serialization.Converters.ListOfTConverter`2.OnWriteResume(Utf8JsonWriter writer, TCollection value, JsonSerializerOptions options, WriteStack& state)
   at System.Text.Json.Serialization.JsonCollectionConverter`2.OnTryWrite(Utf8JsonWriter writer, TCollection value, JsonSerializerOptions options, WriteStack& state)
   at System.Text.Json.Serialization.JsonConverter`1.TryWrite(Utf8JsonWriter writer, T& value, JsonSerializerOptions options, WriteStack& state)
   at System.Text.Json.Serialization.Metadata.JsonPropertyInfo`1.GetMemberAndWriteJson(Object obj, WriteStack& state, Utf8JsonWriter writer)
   at System.Text.Json.Serialization.Converters.ObjectDefaultConverter`1.OnTryWrite(Utf8JsonWriter writer, T value, JsonSerializerOptions options, WriteStack& state)
   at System.Text.Json.Serialization.JsonConverter`1.TryWrite(Utf8JsonWriter writer, T& value, JsonSerializerOptions options, WriteStack& state)
   at System.Text.Json.Serialization.JsonConverter`1.WriteCore(Utf8JsonWriter writer, T& value, JsonSerializerOptions options, WriteStack& state)
   at System.Text.Json.Serialization.Metadata.JsonTypeInfo`1.SerializeAsync(PipeWriter pipeWriter, T rootValue, Int32 flushThreshold, CancellationToken cancellationToken, Object rootValueBoxed)
   at System.Text.Json.Serialization.Metadata.JsonTypeInfo`1.SerializeAsync(PipeWriter pipeWriter, T rootValue, Int32 flushThreshold, CancellationToken cancellationToken, Object rootValueBoxed)
   at System.Text.Json.Serialization.Metadata.JsonTypeInfo`1.SerializeAsync(PipeWriter pipeWriter, T rootValue, Int32 flushThreshold, CancellationToken cancellationToken, Object rootValueBoxed)
   at Microsoft.AspNetCore.Mvc.Formatters.SystemTextJsonOutputFormatter.WriteResponseBodyAsync(OutputFormatterWriteContext context, Encoding selectedEncoding)
   at Microsoft.AspNetCore.Mvc.Infrastructure.ResourceInvoker.<InvokeNextResultFilterAsync>g__Awaited|30_0[TFilter,TFilterAsync](ResourceInvoker invoker, Task lastTask, State next, Scope scope, Object state, Boolean isCompleted)
   at Microsoft.AspNetCore.Mvc.Infrastructure.ResourceInvoker.Rethrow(ResultExecutedContextSealed context)
   at Microsoft.AspNetCore.Mvc.Infrastructure.ResourceInvoker.ResultNext[TFilter,TFilterAsync](State& next, Scope& scope, Object& state, Boolean& isCompleted)
   at Microsoft.AspNetCore.Mvc.Infrastructure.ResourceInvoker.InvokeResultFilters()
--- End of stack trace from previous location ---
   at Microsoft.AspNetCore.Mvc.Infrastructure.ResourceInvoker.<InvokeFilterPipelineAsync>g__Awaited|20_0(ResourceInvoker invoker, Task lastTask, State next, Scope scope, Object state, Boolean isCompleted)
   at Microsoft.AspNetCore.Mvc.Infrastructure.ResourceInvoker.<InvokeAsync>g__Awaited|17_0(ResourceInvoker invoker, Task task, IDisposable scope)
   at Microsoft.AspNetCore.Mvc.Infrastructure.ResourceInvoker.<InvokeAsync>g__Awaited|17_0(ResourceInvoker invoker, Task task, IDisposable scope)
   at Microsoft.AspNetCore.Authorization.AuthorizationMiddleware.Invoke(HttpContext context)
   at Microsoft.AspNetCore.Authentication.AuthenticationMiddleware.Invoke(HttpContext context)
   at OnlineStoreAPIs.Middleware.ErrorLoggingMiddleware.InvokeAsync(HttpContext context) in D:\MR Comapny\Projects\All Apps\Apps\Gomango\store-RESTAPIs\OnlineStoreAPIs\Middleware\ErrorLoggingMiddleware.cs:line 86
Request Headers:
  Accept: */*
  Connection: keep-alive
  Host: localhost:5042
  User-Agent: Mozilla/5.0 (Windows NT 10.0; Win64; x64) AppleWebKit/537.36 (KHTML, like Gecko) Chrome/142.0.0.0 Safari/537.36 Edg/142.0.0.0
  Accept-Encoding: gzip, deflate, br, zstd
  Accept-Language: en-US,en;q=0.9
  Origin: http://localhost:5042
  Referer: http://localhost:5042/swagger/index.html
  Content-Length: 0
  sec-ch-ua-platform: "Windows"
  sec-ch-ua: "Chromium";v="142", "Microsoft Edge";v="142", "Not_A Brand";v="99"
  sec-ch-ua-mobile: ?0
  Sec-Fetch-Site: same-origin
  Sec-Fetch-Mode: cors
  Sec-Fetch-Dest: empty
==========================================

==========================================
Timestamp: 2025-11-18 14:30:43.809
Request Path: /api/products/1/reviews
Request Method: GET
Request QueryString: ?page=1&pageSize=5
Exception Type: Microsoft.Data.SqlClient.SqlException
Exception Message: Connection Timeout Expired.  The timeout period elapsed during the post-login phase.  The connection could have timed out while waiting for server to complete the login process and respond; Or it could have timed out while attempting to create multiple active connections.  The duration spent while attempting to connect to this server was - [Pre-Login] initialization=3761; handshake=6472; [Login] initialization=0; authentication=0; [Post-Login] complete=4009; 
Stack Trace:    at Microsoft.Data.SqlClient.ConnectionPool.WaitHandleDbConnectionPool.TryGetConnection(DbConnection owningObject, UInt32 waitForMultipleObjectsTimeout, Boolean allowCreate, Boolean onlyOneCheckConnection, DbConnectionOptions userOptions, DbConnectionInternal& connection)
   at Microsoft.Data.SqlClient.ConnectionPool.WaitHandleDbConnectionPool.WaitForPendingOpen()
--- End of stack trace from previous location ---
   at Microsoft.EntityFrameworkCore.Storage.RelationalConnection.OpenInternalAsync(Boolean errorsExpected, CancellationToken cancellationToken)
   at Microsoft.EntityFrameworkCore.Storage.RelationalConnection.OpenInternalAsync(Boolean errorsExpected, CancellationToken cancellationToken)
   at Microsoft.EntityFrameworkCore.Storage.RelationalConnection.OpenAsync(CancellationToken cancellationToken, Boolean errorsExpected)
   at Microsoft.EntityFrameworkCore.Storage.RelationalCommand.ExecuteReaderAsync(RelationalCommandParameterObject parameterObject, CancellationToken cancellationToken)
   at Microsoft.EntityFrameworkCore.Query.Internal.SingleQueryingEnumerable`1.AsyncEnumerator.InitializeReaderAsync(AsyncEnumerator enumerator, CancellationToken cancellationToken)
   at Microsoft.EntityFrameworkCore.SqlServer.Storage.Internal.SqlServerExecutionStrategy.ExecuteAsync[TState,TResult](TState state, Func`4 operation, Func`4 verifySucceeded, CancellationToken cancellationToken)
   at Microsoft.EntityFrameworkCore.Query.Internal.SingleQueryingEnumerable`1.AsyncEnumerator.MoveNextAsync()
   at Microsoft.EntityFrameworkCore.Query.ShapedQueryCompilingExpressionVisitor.SingleAsync[TSource](IAsyncEnumerable`1 asyncEnumerable, CancellationToken cancellationToken)
   at Microsoft.EntityFrameworkCore.Query.ShapedQueryCompilingExpressionVisitor.SingleAsync[TSource](IAsyncEnumerable`1 asyncEnumerable, CancellationToken cancellationToken)
   at StoreServices.ReviewsServices.ReviewsRepo.GetByProductAsync(Int32 productId, Int32 page, Int32 pageSize) in D:\MR Comapny\Projects\All Apps\Apps\Gomango\store-RESTAPIs\StoreBusinessLayer\ReviewsServices\ReviewsRepo.cs:line 27
   at OnlineStoreAPIs.Controllers.ReviewsController.Get(Int32 productId, Int32 page, Int32 pageSize) in D:\MR Comapny\Projects\All Apps\Apps\Gomango\store-RESTAPIs\OnlineStoreAPIs\Controllers\ReviewsController.cs:line 22
   at Microsoft.AspNetCore.Mvc.Infrastructure.ActionMethodExecutor.TaskOfIActionResultExecutor.Execute(ActionContext actionContext, IActionResultTypeMapper mapper, ObjectMethodExecutor executor, Object controller, Object[] arguments)
   at Microsoft.AspNetCore.Mvc.Infrastructure.ControllerActionInvoker.<InvokeActionMethodAsync>g__Awaited|12_0(ControllerActionInvoker invoker, ValueTask`1 actionResultValueTask)
   at Microsoft.AspNetCore.Mvc.Infrastructure.ControllerActionInvoker.<InvokeNextActionFilterAsync>g__Awaited|10_0(ControllerActionInvoker invoker, Task lastTask, State next, Scope scope, Object state, Boolean isCompleted)
   at Microsoft.AspNetCore.Mvc.Infrastructure.ControllerActionInvoker.Rethrow(ActionExecutedContextSealed context)
   at Microsoft.AspNetCore.Mvc.Infrastructure.ControllerActionInvoker.Next(State& next, Scope& scope, Object& state, Boolean& isCompleted)
   at Microsoft.AspNetCore.Mvc.Infrastructure.ControllerActionInvoker.<InvokeInnerFilterAsync>g__Awaited|13_0(ControllerActionInvoker invoker, Task lastTask, State next, Scope scope, Object state, Boolean isCompleted)
   at Microsoft.AspNetCore.Mvc.Infrastructure.ResourceInvoker.<InvokeFilterPipelineAsync>g__Awaited|20_0(ResourceInvoker invoker, Task lastTask, State next, Scope scope, Object state, Boolean isCompleted)
   at Microsoft.AspNetCore.Mvc.Infrastructure.ResourceInvoker.<InvokeAsync>g__Awaited|17_0(ResourceInvoker invoker, Task task, IDisposable scope)
   at Microsoft.AspNetCore.Mvc.Infrastructure.ResourceInvoker.<InvokeAsync>g__Awaited|17_0(ResourceInvoker invoker, Task task, IDisposable scope)
   at Microsoft.AspNetCore.Authorization.AuthorizationMiddleware.Invoke(HttpContext context)
   at Microsoft.AspNetCore.Authentication.AuthenticationMiddleware.Invoke(HttpContext context)
   at OnlineStoreAPIs.Middleware.ErrorLoggingMiddleware.InvokeAsync(HttpContext context) in D:\MR Comapny\Projects\All Apps\Apps\Gomango\store-RESTAPIs\OnlineStoreAPIs\Middleware\ErrorLoggingMiddleware.cs:line 86
Inner Exception: System.ComponentModel.Win32Exception
Inner Exception Message: The wait operation timed out.
Inner Exception Stack Trace: 
Request Headers:
  Accept: */*
  Connection: keep-alive
  Host: localhost:5042
  User-Agent: Mozilla/5.0 (Windows NT 10.0; Win64; x64) AppleWebKit/537.36 (KHTML, like Gecko) Chrome/142.0.0.0 Safari/537.36
  Accept-Encoding: gzip, deflate, br, zstd
  Accept-Language: ar,en-US;q=0.9,en;q=0.8
  Origin: http://localhost:5173
  Referer: http://localhost:5173/
  sec-ch-ua-platform: "Windows"
  sec-ch-ua: "Chromium";v="142", "Google Chrome";v="142", "Not_A Brand";v="99"
  sec-ch-ua-mobile: ?0
  Sec-Fetch-Site: same-site
  Sec-Fetch-Mode: cors
  Sec-Fetch-Dest: empty
==========================================

